C:\USERS\Роман\DOCUMENTS\VISUAL STUDIO 2010\PROJECTS\LAB4OLA\DEBUG\LAB4OLA.EXE
C:\USERS\Роман\DOCUMENTS\VISUAL STUDIO 2010\PROJECTS\LAB4OLA\DEBUG\LAB4OLA.ILK
C:\USERS\РОМАН\DOCUMENTS\VISUAL STUDIO 2010\PROJECTS\LAB4OLA\DEBUG\LAB4OLA.PDB
C:\Users\Роман\Documents\Visual Studio 2010\Projects\Lab4OLA\Lab4OLA\Debug\cl.command.1.tlog
C:\Users\Роман\Documents\Visual Studio 2010\Projects\Lab4OLA\Lab4OLA\Debug\CL.read.1.tlog
C:\Users\Роман\Documents\Visual Studio 2010\Projects\Lab4OLA\Lab4OLA\Debug\CL.write.1.tlog
C:\USERS\Роман\DOCUMENTS\VISUAL STUDIO 2010\PROJECTS\LAB4OLA\LAB4OLA\DEBUG\LAB4OLA.EXE.EMBED.MANIFEST
C:\USERS\Роман\DOCUMENTS\VISUAL STUDIO 2010\PROJECTS\LAB4OLA\LAB4OLA\DEBUG\LAB4OLA.EXE.EMBED.MANIFEST.RES
C:\USERS\Роман\DOCUMENTS\VISUAL STUDIO 2010\PROJECTS\LAB4OLA\LAB4OLA\DEBUG\LAB4OLA.EXE.INTERMEDIATE.MANIFEST
C:\USERS\Роман\DOCUMENTS\VISUAL STUDIO 2010\PROJECTS\LAB4OLA\LAB4OLA\DEBUG\LAB4OLA.OBJ
C:\USERS\Роман\DOCUMENTS\VISUAL STUDIO 2010\PROJECTS\LAB4OLA\LAB4OLA\DEBUG\LAB4OLA.PCH
C:\Users\Роман\Documents\Visual Studio 2010\Projects\Lab4OLA\Lab4OLA\Debug\Lab4OLA.vcxprojResolveAssemblyReference.cache
C:\Users\Роман\Documents\Visual Studio 2010\Projects\Lab4OLA\Lab4OLA\Debug\Lab4OLA.write.1.tlog
C:\Users\Роман\Documents\Visual Studio 2010\Projects\Lab4OLA\Lab4OLA\Debug\Lab4OLA_manifest.rc
C:\Users\Роман\Documents\Visual Studio 2010\Projects\Lab4OLA\Lab4OLA\Debug\link.7288.read.1.tlog
C:\Users\Роман\Documents\Visual Studio 2010\Projects\Lab4OLA\Lab4OLA\Debug\link.7288.write.1.tlog
C:\Users\Роман\Documents\Visual Studio 2010\Projects\Lab4OLA\Lab4OLA\Debug\link.7288-cvtres.read.1.tlog
C:\Users\Роман\Documents\Visual Studio 2010\Projects\Lab4OLA\Lab4OLA\Debug\link.7288-cvtres.write.1.tlog
C:\Users\Роман\Documents\Visual Studio 2010\Projects\Lab4OLA\Lab4OLA\Debug\link.7468.read.1.tlog
C:\Users\Роман\Documents\Visual Studio 2010\Projects\Lab4OLA\Lab4OLA\Debug\link.7468.write.1.tlog
C:\Users\Роман\Documents\Visual Studio 2010\Projects\Lab4OLA\Lab4OLA\Debug\link.7468-cvtres.read.1.tlog
C:\Users\Роман\Documents\Visual Studio 2010\Projects\Lab4OLA\Lab4OLA\Debug\link.7468-cvtres.write.1.tlog
C:\Users\Роман\Documents\Visual Studio 2010\Projects\Lab4OLA\Lab4OLA\Debug\link.7724.read.1.tlog
C:\Users\Роман\Documents\Visual Studio 2010\Projects\Lab4OLA\Lab4OLA\Debug\link.7724.write.1.tlog
C:\Users\Роман\Documents\Visual Studio 2010\Projects\Lab4OLA\Lab4OLA\Debug\link.7724-cvtres.read.1.tlog
C:\Users\Роман\Documents\Visual Studio 2010\Projects\Lab4OLA\Lab4OLA\Debug\link.7724-cvtres.write.1.tlog
C:\Users\Роман\Documents\Visual Studio 2010\Projects\Lab4OLA\Lab4OLA\Debug\link.8696.read.1.tlog
C:\Users\Роман\Documents\Visual Studio 2010\Projects\Lab4OLA\Lab4OLA\Debug\link.8696.write.1.tlog
C:\Users\Роман\Documents\Visual Studio 2010\Projects\Lab4OLA\Lab4OLA\Debug\link.8696-cvtres.read.1.tlog
C:\Users\Роман\Documents\Visual Studio 2010\Projects\Lab4OLA\Lab4OLA\Debug\link.8696-cvtres.write.1.tlog
C:\Users\Роман\Documents\Visual Studio 2010\Projects\Lab4OLA\Lab4OLA\Debug\link.command.1.tlog
C:\Users\Роман\Documents\Visual Studio 2010\Projects\Lab4OLA\Lab4OLA\Debug\link.read.1.tlog
C:\Users\Роман\Documents\Visual Studio 2010\Projects\Lab4OLA\Lab4OLA\Debug\link.write.1.tlog
C:\Users\Роман\Documents\Visual Studio 2010\Projects\Lab4OLA\Lab4OLA\Debug\link-cvtres.read.1.tlog
C:\Users\Роман\Documents\Visual Studio 2010\Projects\Lab4OLA\Lab4OLA\Debug\link-cvtres.write.1.tlog
C:\Users\Роман\Documents\Visual Studio 2010\Projects\Lab4OLA\Lab4OLA\Debug\mt.command.1.tlog
C:\Users\Роман\Documents\Visual Studio 2010\Projects\Lab4OLA\Lab4OLA\Debug\mt.read.1.tlog
C:\Users\Роман\Documents\Visual Studio 2010\Projects\Lab4OLA\Lab4OLA\Debug\mt.write.1.tlog
C:\Users\Роман\Documents\Visual Studio 2010\Projects\Lab4OLA\Lab4OLA\Debug\rc.command.1.tlog
C:\Users\Роман\Documents\Visual Studio 2010\Projects\Lab4OLA\Lab4OLA\Debug\rc.read.1.tlog
C:\Users\Роман\Documents\Visual Studio 2010\Projects\Lab4OLA\Lab4OLA\Debug\rc.write.1.tlog
C:\USERS\Роман\DOCUMENTS\VISUAL STUDIO 2010\PROJECTS\LAB4OLA\LAB4OLA\DEBUG\SCANER.OBJ
C:\USERS\Роман\DOCUMENTS\VISUAL STUDIO 2010\PROJECTS\LAB4OLA\LAB4OLA\DEBUG\STDAFX.OBJ
C:\Users\Роман\Documents\Visual Studio 2010\Projects\Lab4OLA\Lab4OLA\Debug\vc100.idb
C:\USERS\РОМАН\DOCUMENTS\VISUAL STUDIO 2010\PROJECTS\LAB4OLA\LAB4OLA\DEBUG\VC100.PDB
