Построение начато 11.04.2017 12:41:42.
     1>Проект "C:\Users\Serg\Desktop\мусор\для анализатора\Лаба 4\Lab4OLA\Lab4OLA\Lab4OLA.vcxproj" в узле 2 (целевые объекты Build).
     1>ClCompile:
         C:\Program Files (x86)\Microsoft Visual Studio 11.0\VC\bin\CL.exe /c /ZI /nologo /W3 /WX- /Od /Oy- /D WIN32 /D _DEBUG /D _CONSOLE /D _UNICODE /D UNICODE /Gm /EHsc /RTC1 /MDd /GS /fp:precise /Zc:wchar_t /Zc:forScope /Yu"stdafx.h" /Fp"Debug\Lab4OLA.pch" /Fo"Debug\\" /Fd"Debug\vc110.pdb" /Gd /TP /analyze- /errorReport:prompt Tree.cpp
         Tree.cpp
     1>c:\users\serg\desktop\мусор\для анализатора\лаба 4\lab4ola\lab4ola\tree.cpp(35): warning C4101: v: неиспользованная локальная переменная
     1>c:\users\serg\desktop\мусор\для анализатора\лаба 4\lab4ola\lab4ola\tree.cpp(50): warning C4101: v: неиспользованная локальная переменная
     1>c:\users\serg\desktop\мусор\для анализатора\лаба 4\lab4ola\lab4ola\tree.cpp(76): warning C4996: 'strcpy': This function or variable may be unsafe. Consider using strcpy_s instead. To disable deprecation, use _CRT_SECURE_NO_WARNINGS. See online help for details.
                 c:\program files (x86)\microsoft visual studio 11.0\vc\include\string.h(110): см. объявление "strcpy"
     1>c:\users\serg\desktop\мусор\для анализатора\лаба 4\lab4ola\lab4ola\tree.cpp(64): warning C4101: struct_type: неиспользованная локальная переменная
     1>c:\users\serg\desktop\мусор\для анализатора\лаба 4\lab4ola\lab4ola\tree.cpp(63): warning C4101: type: неиспользованная локальная переменная
     1>c:\users\serg\desktop\мусор\для анализатора\лаба 4\lab4ola\lab4ola\tree.cpp(62): warning C4101: lex: неиспользованная локальная переменная
     1>c:\users\serg\desktop\мусор\для анализатора\лаба 4\lab4ola\lab4ola\tree.cpp(205): warning C4244: =: преобразование "double" в "float", возможна потеря данных
       Link:
         C:\Program Files (x86)\Microsoft Visual Studio 11.0\VC\bin\link.exe /ERRORREPORT:PROMPT /OUT:"C:\Users\Serg\Desktop\мусор\для анализатора\Лаба 4\Lab4OLA\Debug\Lab4OLA.exe" /INCREMENTAL /NOLOGO kernel32.lib user32.lib gdi32.lib winspool.lib comdlg32.lib advapi32.lib shell32.lib ole32.lib oleaut32.lib uuid.lib odbc32.lib odbccp32.lib /MANIFEST /MANIFESTUAC:"level='asInvoker' uiAccess='false'" /manifest:embed /DEBUG /PDB:"C:\Users\Serg\Desktop\мусор\для анализатора\Лаба 4\Lab4OLA\Debug\Lab4OLA.pdb" /SUBSYSTEM:CONSOLE /TLBID:1 /DYNAMICBASE /NXCOMPAT /IMPLIB:"C:\Users\Serg\Desktop\мусор\для анализатора\Лаба 4\Lab4OLA\Debug\Lab4OLA.lib" /MACHINE:X86 Debug\Lab4OLA.obj
         Debug\Parser.obj
         Debug\Scaner.obj
         Debug\stdafx.obj
         Debug\Tree.obj
         Lab4OLA.vcxproj -> C:\Users\Serg\Desktop\мусор\для анализатора\Лаба 4\Lab4OLA\Debug\Lab4OLA.exe
     1>Построение проекта "C:\Users\Serg\Desktop\мусор\для анализатора\Лаба 4\Lab4OLA\Lab4OLA\Lab4OLA.vcxproj" завершено (целевые объекты Build).

Построение успешно завершено.

Затраченное время: 00:00:00.96
